<?xml version="1.0" encoding="UTF-8"?>
<!-- Generated by org.testng.reporters.JUnitReportReporter -->
<testsuite hostname="LENOVO" failures="0" tests="2" name="testngprgrms.Testngdemo" time="0.033" errors="0" timestamp="2023-06-22T23:05:38 IST" skipped="0">
  <testcase classname="testngprgrms.Testngdemo" name="test2" time="0.005"/>
  <testcase classname="testngprgrms.Testngdemo" name="test1" time="0.028"/>
</testsuite> <!-- testngprgrms.Testngdemo -->
