<?xml version="1.0" encoding="UTF-8"?>
<!-- Generated by org.testng.reporters.JUnitReportReporter -->
<testsuite hostname="LENOVO" failures="0" tests="1" name="testDrsheths.Drshethsadditemtest" time="15.372" errors="0" timestamp="2023-07-13T18:57:44 IST" skipped="0">
  <testcase classname="testDrsheths.Drshethsadditemtest" name="testshop" time="15.372"/>
</testsuite> <!-- testDrsheths.Drshethsadditemtest -->
