<?xml version="1.0" encoding="UTF-8"?>
<!-- Generated by org.testng.reporters.JUnitReportReporter -->
<testsuite hostname="LENOVO" failures="0" tests="1" name="test.Fblogintest" time="0.932" errors="0" timestamp="2023-06-23T16:52:08 IST" skipped="0">
  <testcase classname="test.Fblogintest" name="testlogin" time="0.932"/>
</testsuite> <!-- test.Fblogintest -->
