<?xml version="1.0" encoding="UTF-8"?>
<!-- Generated by org.testng.reporters.JUnitReportReporter -->
<testsuite hostname="LENOVO" failures="0" tests="1" name="testEtoile.Etoileacctest" time="17.597" errors="0" timestamp="2023-07-19T17:54:37 IST" skipped="0">
  <testcase classname="testEtoile.Etoileacctest" name="testcreateaccnt" time="17.597"/>
</testsuite> <!-- testEtoile.Etoileacctest -->
