<?xml version="1.0" encoding="UTF-8"?>
<!-- Generated by org.testng.reporters.JUnitReportReporter -->
<testsuite hostname="LENOVO" failures="0" tests="1" name="testDrsheths.Drshethslogintest" time="20.462" errors="0" timestamp="2023-07-13T18:57:44 IST" skipped="0">
  <testcase classname="testDrsheths.Drshethslogintest" name="testsignin" time="20.462"/>
</testsuite> <!-- testDrsheths.Drshethslogintest -->
