<?xml version="1.0" encoding="UTF-8"?>
<!-- Generated by org.testng.reporters.JUnitReportReporter -->
<testsuite hostname="LENOVO" failures="0" tests="1" name="testEtoile.Etoilelogintest" time="10.600" errors="0" timestamp="2023-07-19T17:54:37 IST" skipped="0">
  <testcase classname="testEtoile.Etoilelogintest" name="testsignin" time="10.600"/>
</testsuite> <!-- testEtoile.Etoilelogintest -->
